# JRE version: OpenJDK Runtime Environment (8.0_242-b01) (build 1.8.0_242-release-1644-b01)
# Java VM: OpenJDK 64-Bit Server VM (25.242-b01 mixed mode windows-amd64 compressed oops)
Heap:
 PSYoungGen      total 499712K, used 360452K [0x00000000d5580000, 0x00000000f8d80000, 0x0000000100000000)
  eden space 467968K, 77% used [0x00000000d5580000,0x00000000eb581108,0x00000000f1e80000)
  from space 31744K, 0% used [0x00000000f1e80000,0x00000000f1e80000,0x00000000f3d80000)
  to   space 31232K, 0% used [0x00000000f6f00000,0x00000000f6f00000,0x00000000f8d80000)
 ParOldGen       total 219648K, used 62033K [0x0000000080000000, 0x000000008d680000, 0x00000000d5580000)
  object space 219648K, 28% used [0x0000000080000000,0x0000000083c944b8,0x000000008d680000)
 Metaspace       used 98277K, capacity 102744K, committed 103256K, reserved 1138688K
  class space    used 12719K, capacity 13583K, committed 13696K, reserved 1048576K
GC Heap History (10 events):
Event: 147.724 GC heap before
{Heap before GC invocations=29 (full 3):
 PSYoungGen      total 399360K, used 374211K [0x00000000d5580000, 0x00000000f3380000, 0x0000000100000000)
  eden space 361472K, 100% used [0x00000000d5580000,0x00000000eb680000,0x00000000eb680000)
  from space 37888K, 33% used [0x00000000eb680000,0x00000000ec2f0da8,0x00000000edb80000)
  to   space 36352K, 0% used [0x00000000f1000000,0x00000000f1000000,0x00000000f3380000)
 ParOldGen       total 144384K, used 95954K [0x0000000080000000, 0x0000000088d00000, 0x00000000d5580000)
  object space 144384K, 66% used [0x0000000080000000,0x0000000085db4908,0x0000000088d00000)
 Metaspace       used 89837K, capacity 94138K, committed 94424K, reserved 1130496K
  class space    used 11872K, capacity 12702K, committed 12800K, reserved 1048576K
Event: 147.803 GC heap after
Heap after GC invocations=29 (full 3):
 PSYoungGen      total 446976K, used 15556K [0x00000000d5580000, 0x00000000f2e80000, 0x0000000100000000)
  eden space 415744K, 0% used [0x00000000d5580000,0x00000000d5580000,0x00000000eeb80000)
  from space 31232K, 49% used [0x00000000f1000000,0x00000000f1f31168,0x00000000f2e80000)
  to   space 34304K, 0% used [0x00000000eeb80000,0x00000000eeb80000,0x00000000f0d00000)
 ParOldGen       total 144384K, used 97466K [0x0000000080000000, 0x0000000088d00000, 0x00000000d5580000)
  object space 144384K, 67% used [0x0000000080000000,0x0000000085f2e918,0x0000000088d00000)
 Metaspace       used 89837K, capacity 94138K, committed 94424K, reserved 1130496K
  class space    used 11872K, capacity 12702K, committed 12800K, reserved 1048576K
}
Event: 154.443 GC heap before
{Heap before GC invocations=30 (full 3):
 PSYoungGen      total 446976K, used 431300K [0x00000000d5580000, 0x00000000f2e80000, 0x0000000100000000)
  eden space 415744K, 100% used [0x00000000d5580000,0x00000000eeb80000,0x00000000eeb80000)
  from space 31232K, 49% used [0x00000000f1000000,0x00000000f1f31168,0x00000000f2e80000)
  to   space 34304K, 0% used [0x00000000eeb80000,0x00000000eeb80000,0x00000000f0d00000)
 ParOldGen       total 144384K, used 97466K [0x0000000080000000, 0x0000000088d00000, 0x00000000d5580000)
  object space 144384K, 67% used [0x0000000080000000,0x0000000085f2e918,0x0000000088d00000)
 Metaspace       used 89982K, capacity 94354K, committed 94680K, reserved 1130496K
  class space    used 11884K, capacity 12706K, committed 12800K, reserved 1048576K
Event: 154.533 GC heap after
Heap after GC invocations=30 (full 3):
 PSYoungGen      total 450048K, used 13398K [0x00000000d5580000, 0x00000000f6480000, 0x0000000100000000)
  eden space 415744K, 0% used [0x00000000d5580000,0x00000000d5580000,0x00000000eeb80000)
  from space 34304K, 39% used [0x00000000eeb80000,0x00000000ef895a08,0x00000000f0d00000)
  to   space 32768K, 0% used [0x00000000f4480000,0x00000000f4480000,0x00000000f6480000)
 ParOldGen       total 144384K, used 99145K [0x0000000080000000, 0x0000000088d00000, 0x00000000d5580000)
  object space 144384K, 68% used [0x0000000080000000,0x00000000860d2778,0x0000000088d00000)
 Metaspace       used 89982K, capacity 94354K, committed 94680K, reserved 1130496K
  class space    used 11884K, capacity 12706K, committed 12800K, reserved 1048576K
}
Event: 160.443 GC heap before
{Heap before GC invocations=31 (full 3):
 PSYoungGen      total 450048K, used 429142K [0x00000000d5580000, 0x00000000f6480000, 0x0000000100000000)
  eden space 415744K, 100% used [0x00000000d5580000,0x00000000eeb80000,0x00000000eeb80000)
  from space 34304K, 39% used [0x00000000eeb80000,0x00000000ef895a08,0x00000000f0d00000)
  to   space 32768K, 0% used [0x00000000f4480000,0x00000000f4480000,0x00000000f6480000)
 ParOldGen       total 144384K, used 99145K [0x0000000080000000, 0x0000000088d00000, 0x00000000d5580000)
  object space 144384K, 68% used [0x0000000080000000,0x00000000860d2778,0x0000000088d00000)
 Metaspace       used 90423K, capacity 94864K, committed 94936K, reserved 1132544K
  class space    used 11936K, capacity 12767K, committed 12800K, reserved 1048576K
Event: 160.482 GC heap after
Heap after GC invocations=31 (full 3):
 PSYoungGen      total 492544K, used 9952K [0x00000000d5580000, 0x00000000f5c80000, 0x0000000100000000)
  eden space 467968K, 0% used [0x00000000d5580000,0x00000000d5580000,0x00000000f1e80000)
  from space 24576K, 40% used [0x00000000f4480000,0x00000000f4e383d8,0x00000000f5c80000)
  to   space 31744K, 0% used [0x00000000f1e80000,0x00000000f1e80000,0x00000000f3d80000)
 ParOldGen       total 144384K, used 99153K [0x0000000080000000, 0x0000000088d00000, 0x00000000d5580000)
  object space 144384K, 68% used [0x0000000080000000,0x00000000860d4778,0x0000000088d00000)
 Metaspace       used 90423K, capacity 94864K, committed 94936K, reserved 1132544K
  class space    used 11936K, capacity 12767K, committed 12800K, reserved 1048576K
}
Event: 170.695 GC heap before
{Heap before GC invocations=32 (full 3):
 PSYoungGen      total 492544K, used 274271K [0x00000000d5580000, 0x00000000f5c80000, 0x0000000100000000)
  eden space 467968K, 56% used [0x00000000d5580000,0x00000000e579f898,0x00000000f1e80000)
  from space 24576K, 40% used [0x00000000f4480000,0x00000000f4e383d8,0x00000000f5c80000)
  to   space 31744K, 0% used [0x00000000f1e80000,0x00000000f1e80000,0x00000000f3d80000)
 ParOldGen       total 144384K, used 99153K [0x0000000080000000, 0x0000000088d00000, 0x00000000d5580000)
  object space 144384K, 68% used [0x0000000080000000,0x00000000860d4778,0x0000000088d00000)
 Metaspace       used 93568K, capacity 98168K, committed 98264K, reserved 1134592K
  class space    used 12399K, capacity 13267K, committed 13312K, reserved 1048576K
Event: 170.733 GC heap after
Heap after GC invocations=32 (full 3):
 PSYoungGen      total 499712K, used 9313K [0x00000000d5580000, 0x00000000f8d80000, 0x0000000100000000)
  eden space 467968K, 0% used [0x00000000d5580000,0x00000000d5580000,0x00000000f1e80000)
  from space 31744K, 29% used [0x00000000f1e80000,0x00000000f27985f0,0x00000000f3d80000)
  to   space 31232K, 0% used [0x00000000f6f00000,0x00000000f6f00000,0x00000000f8d80000)
 ParOldGen       total 144384K, used 99161K [0x0000000080000000, 0x0000000088d00000, 0x00000000d5580000)
  object space 144384K, 68% used [0x0000000080000000,0x00000000860d6778,0x0000000088d00000)
 Metaspace       used 93568K, capacity 98168K, committed 98264K, reserved 1134592K
  class space    used 12399K, capacity 13267K, committed 13312K, reserved 1048576K
}
Event: 170.733 GC heap before
{Heap before GC invocations=33 (full 4):
 PSYoungGen      total 499712K, used 9313K [0x00000000d5580000, 0x00000000f8d80000, 0x0000000100000000)
  eden space 467968K, 0% used [0x00000000d5580000,0x00000000d5580000,0x00000000f1e80000)
  from space 31744K, 29% used [0x00000000f1e80000,0x00000000f27985f0,0x00000000f3d80000)
  to   space 31232K, 0% used [0x00000000f6f00000,0x00000000f6f00000,0x00000000f8d80000)
 ParOldGen       total 144384K, used 99161K [0x0000000080000000, 0x0000000088d00000, 0x00000000d5580000)
  object space 144384K, 68% used [0x0000000080000000,0x00000000860d6778,0x0000000088d00000)
 Metaspace       used 93568K, capacity 98168K, committed 98264K, reserved 1134592K
  class space    used 12399K, capacity 13267K, committed 13312K, reserved 1048576K
Event: 171.256 GC heap after
Heap after GC invocations=33 (full 4):
 PSYoungGen      total 499712K, used 0K [0x00000000d5580000, 0x00000000f8d80000, 0x0000000100000000)
  eden space 467968K, 0% used [0x00000000d5580000,0x00000000d5580000,0x00000000f1e80000)
  from space 31744K, 0% used [0x00000000f1e80000,0x00000000f1e80000,0x00000000f3d80000)
  to   space 31232K, 0% used [0x00000000f6f00000,0x00000000f6f00000,0x00000000f8d80000)
 ParOldGen       total 219648K, used 62033K [0x0000000080000000, 0x000000008d680000, 0x00000000d5580000)
  object space 219648K, 28% used [0x0000000080000000,0x0000000083c944b8,0x000000008d680000)
 Metaspace       used 93311K, capacity 97454K, committed 98264K, reserved 1134592K
  class space    used 12312K, capacity 13114K, committed 13312K, reserved 1048576K
}

