# JRE version: OpenJDK Runtime Environment (8.0_242-b01) (build 1.8.0_242-release-1644-b01)
# Java VM: OpenJDK 64-Bit Server VM (25.242-b01 mixed mode windows-amd64 compressed oops)
Heap:
 PSYoungGen      total 220160K, used 20300K [0x00000000d5580000, 0x00000000e4480000, 0x0000000100000000)
  eden space 199168K, 5% used [0x00000000d5580000,0x00000000d5f758c8,0x00000000e1800000)
  from space 20992K, 48% used [0x00000000e1800000,0x00000000e21dd860,0x00000000e2c80000)
  to   space 19968K, 0% used [0x00000000e3100000,0x00000000e3100000,0x00000000e4480000)
 ParOldGen       total 202752K, used 47170K [0x0000000080000000, 0x000000008c600000, 0x00000000d5580000)
  object space 202752K, 23% used [0x0000000080000000,0x0000000082e10b38,0x000000008c600000)
 Metaspace       used 95967K, capacity 101737K, committed 102104K, reserved 1138688K
  class space    used 12423K, capacity 13442K, committed 13568K, reserved 1048576K
GC Heap History (10 events):
Event: 2014.959 GC heap before
{Heap before GC invocations=27 (full 4):
 PSYoungGen      total 198656K, used 197375K [0x00000000d5580000, 0x00000000e3400000, 0x0000000100000000)
  eden space 179200K, 100% used [0x00000000d5580000,0x00000000e0480000,0x00000000e0480000)
  from space 19456K, 93% used [0x00000000e1980000,0x00000000e2b3fe28,0x00000000e2c80000)
  to   space 21504K, 0% used [0x00000000e0480000,0x00000000e0480000,0x00000000e1980000)
 ParOldGen       total 202752K, used 47138K [0x0000000080000000, 0x000000008c600000, 0x00000000d5580000)
  object space 202752K, 23% used [0x0000000080000000,0x0000000082e08b38,0x000000008c600000)
 Metaspace       used 94860K, capacity 100415K, committed 100696K, reserved 1136640K
  class space    used 12353K, capacity 13361K, committed 13440K, reserved 1048576K
Event: 2015.007 GC heap after
Heap after GC invocations=27 (full 4):
 PSYoungGen      total 200704K, used 16642K [0x00000000d5580000, 0x00000000e4080000, 0x0000000100000000)
  eden space 179200K, 0% used [0x00000000d5580000,0x00000000d5580000,0x00000000e0480000)
  from space 21504K, 77% used [0x00000000e0480000,0x00000000e14c0940,0x00000000e1980000)
  to   space 22528K, 0% used [0x00000000e2a80000,0x00000000e2a80000,0x00000000e4080000)
 ParOldGen       total 202752K, used 47146K [0x0000000080000000, 0x000000008c600000, 0x00000000d5580000)
  object space 202752K, 23% used [0x0000000080000000,0x0000000082e0ab38,0x000000008c600000)
 Metaspace       used 94860K, capacity 100415K, committed 100696K, reserved 1136640K
  class space    used 12353K, capacity 13361K, committed 13440K, reserved 1048576K
}
Event: 2118.725 GC heap before
{Heap before GC invocations=28 (full 4):
 PSYoungGen      total 200704K, used 195842K [0x00000000d5580000, 0x00000000e4080000, 0x0000000100000000)
  eden space 179200K, 100% used [0x00000000d5580000,0x00000000e0480000,0x00000000e0480000)
  from space 21504K, 77% used [0x00000000e0480000,0x00000000e14c0940,0x00000000e1980000)
  to   space 22528K, 0% used [0x00000000e2a80000,0x00000000e2a80000,0x00000000e4080000)
 ParOldGen       total 202752K, used 47146K [0x0000000080000000, 0x000000008c600000, 0x00000000d5580000)
  object space 202752K, 23% used [0x0000000080000000,0x0000000082e0ab38,0x000000008c600000)
 Metaspace       used 95178K, capacity 100901K, committed 100952K, reserved 1136640K
  class space    used 12386K, capacity 13420K, committed 13440K, reserved 1048576K
Event: 2118.746 GC heap after
Heap after GC invocations=28 (full 4):
 PSYoungGen      total 211968K, used 5043K [0x00000000d5580000, 0x00000000e3d80000, 0x0000000100000000)
  eden space 192512K, 0% used [0x00000000d5580000,0x00000000d5580000,0x00000000e1180000)
  from space 19456K, 25% used [0x00000000e2a80000,0x00000000e2f6cce8,0x00000000e3d80000)
  to   space 22528K, 0% used [0x00000000e1180000,0x00000000e1180000,0x00000000e2780000)
 ParOldGen       total 202752K, used 47154K [0x0000000080000000, 0x000000008c600000, 0x00000000d5580000)
  object space 202752K, 23% used [0x0000000080000000,0x0000000082e0cb38,0x000000008c600000)
 Metaspace       used 95178K, capacity 100901K, committed 100952K, reserved 1136640K
  class space    used 12386K, capacity 13420K, committed 13440K, reserved 1048576K
}
Event: 2178.318 GC heap before
{Heap before GC invocations=29 (full 4):
 PSYoungGen      total 211968K, used 197555K [0x00000000d5580000, 0x00000000e3d80000, 0x0000000100000000)
  eden space 192512K, 100% used [0x00000000d5580000,0x00000000e1180000,0x00000000e1180000)
  from space 19456K, 25% used [0x00000000e2a80000,0x00000000e2f6cce8,0x00000000e3d80000)
  to   space 22528K, 0% used [0x00000000e1180000,0x00000000e1180000,0x00000000e2780000)
 ParOldGen       total 202752K, used 47154K [0x0000000080000000, 0x000000008c600000, 0x00000000d5580000)
  object space 202752K, 23% used [0x0000000080000000,0x0000000082e0cb38,0x000000008c600000)
 Metaspace       used 95304K, capacity 101109K, committed 101208K, reserved 1136640K
  class space    used 12388K, capacity 13422K, committed 13440K, reserved 1048576K
Event: 2178.344 GC heap after
Heap after GC invocations=29 (full 4):
 PSYoungGen      total 215040K, used 9264K [0x00000000d5580000, 0x00000000e4500000, 0x0000000100000000)
  eden space 192512K, 0% used [0x00000000d5580000,0x00000000d5580000,0x00000000e1180000)
  from space 22528K, 41% used [0x00000000e1180000,0x00000000e1a8c040,0x00000000e2780000)
  to   space 22016K, 0% used [0x00000000e2f80000,0x00000000e2f80000,0x00000000e4500000)
 ParOldGen       total 202752K, used 47154K [0x0000000080000000, 0x000000008c600000, 0x00000000d5580000)
  object space 202752K, 23% used [0x0000000080000000,0x0000000082e0cb38,0x000000008c600000)
 Metaspace       used 95304K, capacity 101109K, committed 101208K, reserved 1136640K
  class space    used 12388K, capacity 13422K, committed 13440K, reserved 1048576K
}
Event: 2347.761 GC heap before
{Heap before GC invocations=30 (full 4):
 PSYoungGen      total 215040K, used 201776K [0x00000000d5580000, 0x00000000e4500000, 0x0000000100000000)
  eden space 192512K, 100% used [0x00000000d5580000,0x00000000e1180000,0x00000000e1180000)
  from space 22528K, 41% used [0x00000000e1180000,0x00000000e1a8c040,0x00000000e2780000)
  to   space 22016K, 0% used [0x00000000e2f80000,0x00000000e2f80000,0x00000000e4500000)
 ParOldGen       total 202752K, used 47154K [0x0000000080000000, 0x000000008c600000, 0x00000000d5580000)
  object space 202752K, 23% used [0x0000000080000000,0x0000000082e0cb38,0x000000008c600000)
 Metaspace       used 95398K, capacity 101185K, committed 101208K, reserved 1136640K
  class space    used 12389K, capacity 13424K, committed 13440K, reserved 1048576K
Event: 2347.778 GC heap after
Heap after GC invocations=30 (full 4):
 PSYoungGen      total 217088K, used 10864K [0x00000000d5580000, 0x00000000e4100000, 0x0000000100000000)
  eden space 199168K, 0% used [0x00000000d5580000,0x00000000d5580000,0x00000000e1800000)
  from space 17920K, 60% used [0x00000000e2f80000,0x00000000e3a1c040,0x00000000e4100000)
  to   space 20992K, 0% used [0x00000000e1800000,0x00000000e1800000,0x00000000e2c80000)
 ParOldGen       total 202752K, used 47162K [0x0000000080000000, 0x000000008c600000, 0x00000000d5580000)
  object space 202752K, 23% used [0x0000000080000000,0x0000000082e0eb38,0x000000008c600000)
 Metaspace       used 95398K, capacity 101185K, committed 101208K, reserved 1136640K
  class space    used 12389K, capacity 13424K, committed 13440K, reserved 1048576K
}
Event: 2418.126 GC heap before
{Heap before GC invocations=31 (full 4):
 PSYoungGen      total 217088K, used 210032K [0x00000000d5580000, 0x00000000e4100000, 0x0000000100000000)
  eden space 199168K, 100% used [0x00000000d5580000,0x00000000e1800000,0x00000000e1800000)
  from space 17920K, 60% used [0x00000000e2f80000,0x00000000e3a1c040,0x00000000e4100000)
  to   space 20992K, 0% used [0x00000000e1800000,0x00000000e1800000,0x00000000e2c80000)
 ParOldGen       total 202752K, used 47162K [0x0000000080000000, 0x000000008c600000, 0x00000000d5580000)
  object space 202752K, 23% used [0x0000000080000000,0x0000000082e0eb38,0x000000008c600000)
 Metaspace       used 95960K, capacity 101737K, committed 102104K, reserved 1138688K
  class space    used 12423K, capacity 13442K, committed 13568K, reserved 1048576K
Event: 2418.158 GC heap after
Heap after GC invocations=31 (full 4):
 PSYoungGen      total 220160K, used 10102K [0x00000000d5580000, 0x00000000e4480000, 0x0000000100000000)
  eden space 199168K, 0% used [0x00000000d5580000,0x00000000d5580000,0x00000000e1800000)
  from space 20992K, 48% used [0x00000000e1800000,0x00000000e21dd860,0x00000000e2c80000)
  to   space 19968K, 0% used [0x00000000e3100000,0x00000000e3100000,0x00000000e4480000)
 ParOldGen       total 202752K, used 47170K [0x0000000080000000, 0x000000008c600000, 0x00000000d5580000)
  object space 202752K, 23% used [0x0000000080000000,0x0000000082e10b38,0x000000008c600000)
 Metaspace       used 95960K, capacity 101737K, committed 102104K, reserved 1138688K
  class space    used 12423K, capacity 13442K, committed 13568K, reserved 1048576K
}

