# JRE version: OpenJDK Runtime Environment (8.0_242-b01) (build 1.8.0_242-release-1644-b01)
# Java VM: OpenJDK 64-Bit Server VM (25.242-b01 mixed mode windows-amd64 compressed oops)
Heap:
 PSYoungGen      total 205312K, used 179180K [0x00000000d5580000, 0x00000000e5e00000, 0x0000000100000000)
  eden space 185856K, 86% used [0x00000000d5580000,0x00000000df1ad368,0x00000000e0b00000)
  from space 19456K, 98% used [0x00000000e2780000,0x00000000e3a4e060,0x00000000e3a80000)
  to   space 31744K, 0% used [0x00000000e3f00000,0x00000000e3f00000,0x00000000e5e00000)
 ParOldGen       total 135680K, used 59553K [0x0000000080000000, 0x0000000088480000, 0x00000000d5580000)
  object space 135680K, 43% used [0x0000000080000000,0x0000000083a28518,0x0000000088480000)
 Metaspace       used 91430K, capacity 96036K, committed 96088K, reserved 1132544K
  class space    used 12060K, capacity 12919K, committed 12928K, reserved 1048576K
GC Heap History (10 events):
Event: 31.732 GC heap before
{Heap before GC invocations=16 (full 3):
 PSYoungGen      total 183808K, used 166400K [0x00000000d5580000, 0x00000000e2700000, 0x0000000100000000)
  eden space 166400K, 100% used [0x00000000d5580000,0x00000000df800000,0x00000000df800000)
  from space 17408K, 0% used [0x00000000e0900000,0x00000000e0900000,0x00000000e1a00000)
  to   space 17408K, 0% used [0x00000000df800000,0x00000000df800000,0x00000000e0900000)
 ParOldGen       total 135680K, used 29864K [0x0000000080000000, 0x0000000088480000, 0x00000000d5580000)
  object space 135680K, 22% used [0x0000000080000000,0x0000000081d2a370,0x0000000088480000)
 Metaspace       used 61540K, capacity 64252K, committed 64344K, reserved 1103872K
  class space    used 8444K, capacity 9043K, committed 9088K, reserved 1048576K
Event: 31.768 GC heap after
Heap after GC invocations=16 (full 3):
 PSYoungGen      total 183808K, used 14072K [0x00000000d5580000, 0x00000000e4100000, 0x0000000100000000)
  eden space 166400K, 0% used [0x00000000d5580000,0x00000000d5580000,0x00000000df800000)
  from space 17408K, 80% used [0x00000000df800000,0x00000000e05be050,0x00000000e0900000)
  to   space 18432K, 0% used [0x00000000e2f00000,0x00000000e2f00000,0x00000000e4100000)
 ParOldGen       total 135680K, used 29872K [0x0000000080000000, 0x0000000088480000, 0x00000000d5580000)
  object space 135680K, 22% used [0x0000000080000000,0x0000000081d2c370,0x0000000088480000)
 Metaspace       used 61540K, capacity 64252K, committed 64344K, reserved 1103872K
  class space    used 8444K, capacity 9043K, committed 9088K, reserved 1048576K
}
Event: 101.109 GC heap before
{Heap before GC invocations=17 (full 3):
 PSYoungGen      total 183808K, used 180472K [0x00000000d5580000, 0x00000000e4100000, 0x0000000100000000)
  eden space 166400K, 100% used [0x00000000d5580000,0x00000000df800000,0x00000000df800000)
  from space 17408K, 80% used [0x00000000df800000,0x00000000e05be050,0x00000000e0900000)
  to   space 18432K, 0% used [0x00000000e2f00000,0x00000000e2f00000,0x00000000e4100000)
 ParOldGen       total 135680K, used 29872K [0x0000000080000000, 0x0000000088480000, 0x00000000d5580000)
  object space 135680K, 22% used [0x0000000080000000,0x0000000081d2c370,0x0000000088480000)
 Metaspace       used 70191K, capacity 73214K, committed 73304K, reserved 1112064K
  class space    used 9410K, capacity 10026K, committed 10112K, reserved 1048576K
Event: 101.172 GC heap after
Heap after GC invocations=17 (full 3):
 PSYoungGen      total 216576K, used 18413K [0x00000000d5580000, 0x00000000e4500000, 0x0000000100000000)
  eden space 198144K, 0% used [0x00000000d5580000,0x00000000d5580000,0x00000000e1700000)
  from space 18432K, 99% used [0x00000000e2f00000,0x00000000e40fb530,0x00000000e4100000)
  to   space 23552K, 0% used [0x00000000e1700000,0x00000000e1700000,0x00000000e2e00000)
 ParOldGen       total 135680K, used 37042K [0x0000000080000000, 0x0000000088480000, 0x00000000d5580000)
  object space 135680K, 27% used [0x0000000080000000,0x000000008242c918,0x0000000088480000)
 Metaspace       used 70191K, capacity 73214K, committed 73304K, reserved 1112064K
  class space    used 9410K, capacity 10026K, committed 10112K, reserved 1048576K
}
Event: 108.429 GC heap before
{Heap before GC invocations=18 (full 3):
 PSYoungGen      total 216576K, used 216557K [0x00000000d5580000, 0x00000000e4500000, 0x0000000100000000)
  eden space 198144K, 100% used [0x00000000d5580000,0x00000000e1700000,0x00000000e1700000)
  from space 18432K, 99% used [0x00000000e2f00000,0x00000000e40fb530,0x00000000e4100000)
  to   space 23552K, 0% used [0x00000000e1700000,0x00000000e1700000,0x00000000e2e00000)
 ParOldGen       total 135680K, used 37042K [0x0000000080000000, 0x0000000088480000, 0x00000000d5580000)
  object space 135680K, 27% used [0x0000000080000000,0x000000008242c918,0x0000000088480000)
 Metaspace       used 84680K, capacity 88506K, committed 88792K, reserved 1126400K
  class space    used 11521K, capacity 12278K, committed 12288K, reserved 1048576K
Event: 108.523 GC heap after
Heap after GC invocations=18 (full 3):
 PSYoungGen      total 221696K, used 23548K [0x00000000d5580000, 0x00000000e7c80000, 0x0000000100000000)
  eden space 198144K, 0% used [0x00000000d5580000,0x00000000d5580000,0x00000000e1700000)
  from space 23552K, 99% used [0x00000000e1700000,0x00000000e2dff138,0x00000000e2e00000)
  to   space 31744K, 0% used [0x00000000e5d80000,0x00000000e5d80000,0x00000000e7c80000)
 ParOldGen       total 135680K, used 50191K [0x0000000080000000, 0x0000000088480000, 0x00000000d5580000)
  object space 135680K, 36% used [0x0000000080000000,0x0000000083103c80,0x0000000088480000)
 Metaspace       used 84680K, capacity 88506K, committed 88792K, reserved 1126400K
  class space    used 11521K, capacity 12278K, committed 12288K, reserved 1048576K
}
Event: 2992.264 GC heap before
{Heap before GC invocations=19 (full 3):
 PSYoungGen      total 221696K, used 221692K [0x00000000d5580000, 0x00000000e7c80000, 0x0000000100000000)
  eden space 198144K, 100% used [0x00000000d5580000,0x00000000e1700000,0x00000000e1700000)
  from space 23552K, 99% used [0x00000000e1700000,0x00000000e2dff138,0x00000000e2e00000)
  to   space 31744K, 0% used [0x00000000e5d80000,0x00000000e5d80000,0x00000000e7c80000)
 ParOldGen       total 135680K, used 50191K [0x0000000080000000, 0x0000000088480000, 0x00000000d5580000)
  object space 135680K, 36% used [0x0000000080000000,0x0000000083103c80,0x0000000088480000)
 Metaspace       used 86075K, capacity 90344K, committed 90584K, reserved 1128448K
  class space    used 11619K, capacity 12447K, committed 12544K, reserved 1048576K
Event: 2992.295 GC heap after
Heap after GC invocations=19 (full 3):
 PSYoungGen      total 199168K, used 6742K [0x00000000d5580000, 0x00000000e6480000, 0x0000000100000000)
  eden space 192000K, 0% used [0x00000000d5580000,0x00000000d5580000,0x00000000e1100000)
  from space 7168K, 94% used [0x00000000e5d80000,0x00000000e6415ad8,0x00000000e6480000)
  to   space 31232K, 0% used [0x00000000e2780000,0x00000000e2780000,0x00000000e4600000)
 ParOldGen       total 135680K, used 59545K [0x0000000080000000, 0x0000000088480000, 0x00000000d5580000)
  object space 135680K, 43% used [0x0000000080000000,0x0000000083a26518,0x0000000088480000)
 Metaspace       used 86075K, capacity 90344K, committed 90584K, reserved 1128448K
  class space    used 11619K, capacity 12447K, committed 12544K, reserved 1048576K
}
Event: 2999.349 GC heap before
{Heap before GC invocations=20 (full 3):
 PSYoungGen      total 199168K, used 198742K [0x00000000d5580000, 0x00000000e6480000, 0x0000000100000000)
  eden space 192000K, 100% used [0x00000000d5580000,0x00000000e1100000,0x00000000e1100000)
  from space 7168K, 94% used [0x00000000e5d80000,0x00000000e6415ad8,0x00000000e6480000)
  to   space 31232K, 0% used [0x00000000e2780000,0x00000000e2780000,0x00000000e4600000)
 ParOldGen       total 135680K, used 59545K [0x0000000080000000, 0x0000000088480000, 0x00000000d5580000)
  object space 135680K, 43% used [0x0000000080000000,0x0000000083a26518,0x0000000088480000)
 Metaspace       used 89989K, capacity 94596K, committed 94808K, reserved 1130496K
  class space    used 11958K, capacity 12813K, committed 12928K, reserved 1048576K
Event: 2999.387 GC heap after
Heap after GC invocations=20 (full 3):
 PSYoungGen      total 205312K, used 19256K [0x00000000d5580000, 0x00000000e5e00000, 0x0000000100000000)
  eden space 185856K, 0% used [0x00000000d5580000,0x00000000d5580000,0x00000000e0b00000)
  from space 19456K, 98% used [0x00000000e2780000,0x00000000e3a4e060,0x00000000e3a80000)
  to   space 31744K, 0% used [0x00000000e3f00000,0x00000000e3f00000,0x00000000e5e00000)
 ParOldGen       total 135680K, used 59553K [0x0000000080000000, 0x0000000088480000, 0x00000000d5580000)
  object space 135680K, 43% used [0x0000000080000000,0x0000000083a28518,0x0000000088480000)
 Metaspace       used 89989K, capacity 94596K, committed 94808K, reserved 1130496K
  class space    used 11958K, capacity 12813K, committed 12928K, reserved 1048576K
}

